[Practical Java] [2m15:48:04.565[0;39m [32m INFO[0;39m [2m---[0;39m [36mc.s.e.p.PracticalelkApplication         [0;39m [2m:[0;39m Starting PracticalelkApplication using Java 21.0.1 with PID 6480 (C:\development\eclipse-workspace\practicalelk\bin\main started by STYLVN in C:\development\eclipse-workspace\practicalelk)
[Practical Java] [2m15:48:04.567[0;39m [32mDEBUG[0;39m [2m---[0;39m [36mc.s.e.p.PracticalelkApplication         [0;39m [2m:[0;39m Running with Spring Boot v3.2.1, Spring v6.1.2
[Practical Java] [2m15:48:04.567[0;39m [32m INFO[0;39m [2m---[0;39m [36mc.s.e.p.PracticalelkApplication         [0;39m [2m:[0;39m No active profile set, falling back to 1 default profile: "default"
[Practical Java] [2m15:48:04.817[0;39m [32m INFO[0;39m [2m---[0;39m [36mc.s.e.p.PracticalelkApplication         [0;39m [2m:[0;39m Started PracticalelkApplication in 0.29 seconds (process running for 133.737)
[Practical Java] [2m15:48:35.230[0;39m [32m INFO[0;39m [2m---[0;39m [36mc.s.e.p.PracticalelkApplication         [0;39m [2m:[0;39m Starting PracticalelkApplication using Java 21.0.1 with PID 16140 (C:\development\eclipse-workspace\practicalelk\bin\main started by STYLVN in C:\development\eclipse-workspace\practicalelk)
[Practical Java] [2m15:48:35.232[0;39m [32mDEBUG[0;39m [2m---[0;39m [36mc.s.e.p.PracticalelkApplication         [0;39m [2m:[0;39m Running with Spring Boot v3.2.1, Spring v6.1.2
[Practical Java] [2m15:48:35.233[0;39m [32m INFO[0;39m [2m---[0;39m [36mc.s.e.p.PracticalelkApplication         [0;39m [2m:[0;39m No active profile set, falling back to 1 default profile: "default"
[Practical Java] [2m15:48:36.392[0;39m [32m INFO[0;39m [2m---[0;39m [36mc.s.e.p.PracticalelkApplication         [0;39m [2m:[0;39m Started PracticalelkApplication in 1.67 seconds (process running for 2.267)
[Practical Java] [2m15:48:43.712[0;39m [32m INFO[0;39m [2m---[0;39m [36mc.s.e.p.api.server.DefaultRestApi       [0;39m [2m:[0;39m Hello thi is Spring boot REST API
[Practical Java] [2m20:32:55.063[0;39m [32m INFO[0;39m [2m---[0;39m [36mc.s.e.p.PracticalelkApplication         [0;39m [2m:[0;39m Starting PracticalelkApplication using Java 21.0.1 with PID 19916 (C:\development\eclipse-workspace\practicalelk\bin\main started by STYLVN in C:\development\eclipse-workspace\practicalelk)
[Practical Java] [2m20:32:55.065[0;39m [32mDEBUG[0;39m [2m---[0;39m [36mc.s.e.p.PracticalelkApplication         [0;39m [2m:[0;39m Running with Spring Boot v3.2.1, Spring v6.1.2
[Practical Java] [2m20:32:55.066[0;39m [32m INFO[0;39m [2m---[0;39m [36mc.s.e.p.PracticalelkApplication         [0;39m [2m:[0;39m No active profile set, falling back to 1 default profile: "default"
[Practical Java] [2m20:32:56.666[0;39m [32m INFO[0;39m [2m---[0;39m [36mc.s.e.p.PracticalelkApplication         [0;39m [2m:[0;39m Started PracticalelkApplication in 2.231 seconds (process running for 4.296)
[Practical Java] [2m20:33:04.249[0;39m [32m INFO[0;39m [2m---[0;39m [36mc.s.e.p.api.server.DefaultRestApi       [0;39m [2m:[0;39m Hello thi is Spring boot REST API
[Practical Java] [2m20:40:37.728[0;39m [32m INFO[0;39m [2m---[0;39m [36mc.s.e.p.PracticalelkApplication         [0;39m [2m:[0;39m Starting PracticalelkApplication using Java 21.0.1 with PID 19916 (C:\development\eclipse-workspace\practicalelk\bin\main started by STYLVN in C:\development\eclipse-workspace\practicalelk)
[Practical Java] [2m20:40:37.729[0;39m [32mDEBUG[0;39m [2m---[0;39m [36mc.s.e.p.PracticalelkApplication         [0;39m [2m:[0;39m Running with Spring Boot v3.2.1, Spring v6.1.2
[Practical Java] [2m20:40:37.729[0;39m [32m INFO[0;39m [2m---[0;39m [36mc.s.e.p.PracticalelkApplication         [0;39m [2m:[0;39m No active profile set, falling back to 1 default profile: "default"
[Practical Java] [2m20:40:38.131[0;39m [32m INFO[0;39m [2m---[0;39m [36mc.s.e.p.PracticalelkApplication         [0;39m [2m:[0;39m Started PracticalelkApplication in 0.476 seconds (process running for 465.76)
[Practical Java] [2m20:40:51.974[0;39m [32m INFO[0;39m [2m---[0;39m [36mc.s.e.p.PracticalelkApplication         [0;39m [2m:[0;39m Starting PracticalelkApplication using Java 21.0.1 with PID 19916 (C:\development\eclipse-workspace\practicalelk\bin\main started by STYLVN in C:\development\eclipse-workspace\practicalelk)
[Practical Java] [2m20:40:51.975[0;39m [32mDEBUG[0;39m [2m---[0;39m [36mc.s.e.p.PracticalelkApplication         [0;39m [2m:[0;39m Running with Spring Boot v3.2.1, Spring v6.1.2
[Practical Java] [2m20:40:51.975[0;39m [32m INFO[0;39m [2m---[0;39m [36mc.s.e.p.PracticalelkApplication         [0;39m [2m:[0;39m No active profile set, falling back to 1 default profile: "default"
[Practical Java] [2m20:40:52.194[0;39m [32m INFO[0;39m [2m---[0;39m [36mc.s.e.p.PracticalelkApplication         [0;39m [2m:[0;39m Started PracticalelkApplication in 0.255 seconds (process running for 479.824)
[Practical Java] [2m20:47:40.321[0;39m [31mERROR[0;39m [2m---[0;39m [36mo.a.c.c.C.[.[.[/].[dispatcherServlet]   [0;39m [2m:[0;39m Servlet.service() for servlet [dispatcherServlet] in context with path [] threw exception [Request processing failed: java.lang.IllegalStateException: Cannot resolve parameter names for constructor public com.springboot.elk.practicalelk.entity.Car(java.lang.String,java.lang.String,java.lang.String)] with root cause

java.lang.IllegalStateException: Cannot resolve parameter names for constructor public com.springboot.elk.practicalelk.entity.Car(java.lang.String,java.lang.String,java.lang.String)
	at org.springframework.util.Assert.state(Assert.java:97)
	at org.springframework.beans.BeanUtils.getParameterNames(BeanUtils.java:641)
	at org.springframework.validation.DataBinder.createObject(DataBinder.java:932)
	at org.springframework.validation.DataBinder.construct(DataBinder.java:903)
	at org.springframework.web.bind.ServletRequestDataBinder.construct(ServletRequestDataBinder.java:116)
	at org.springframework.web.servlet.mvc.method.annotation.ServletModelAttributeMethodProcessor.constructAttribute(ServletModelAttributeMethodProcessor.java:156)
	at org.springframework.web.method.annotation.ModelAttributeMethodProcessor.resolveArgument(ModelAttributeMethodProcessor.java:148)
	at org.springframework.web.method.support.HandlerMethodArgumentResolverComposite.resolveArgument(HandlerMethodArgumentResolverComposite.java:122)
	at org.springframework.web.method.support.InvocableHandlerMethod.getMethodArgumentValues(InvocableHandlerMethod.java:226)
	at org.springframework.web.method.support.InvocableHandlerMethod.invokeForRequest(InvocableHandlerMethod.java:179)
	at org.springframework.web.servlet.mvc.method.annotation.ServletInvocableHandlerMethod.invokeAndHandle(ServletInvocableHandlerMethod.java:118)
	at org.springframework.web.servlet.mvc.method.annotation.RequestMappingHandlerAdapter.invokeHandlerMethod(RequestMappingHandlerAdapter.java:917)
	at org.springframework.web.servlet.mvc.method.annotation.RequestMappingHandlerAdapter.handleInternal(RequestMappingHandlerAdapter.java:829)
	at org.springframework.web.servlet.mvc.method.AbstractHandlerMethodAdapter.handle(AbstractHandlerMethodAdapter.java:87)
	at org.springframework.web.servlet.DispatcherServlet.doDispatch(DispatcherServlet.java:1089)
	at org.springframework.web.servlet.DispatcherServlet.doService(DispatcherServlet.java:979)
	at org.springframework.web.servlet.FrameworkServlet.processRequest(FrameworkServlet.java:1014)
	at org.springframework.web.servlet.FrameworkServlet.doPost(FrameworkServlet.java:914)
	at jakarta.servlet.http.HttpServlet.service(HttpServlet.java:590)
	at org.springframework.web.servlet.FrameworkServlet.service(FrameworkServlet.java:885)
	at jakarta.servlet.http.HttpServlet.service(HttpServlet.java:658)
	at org.apache.catalina.core.ApplicationFilterChain.internalDoFilter(ApplicationFilterChain.java:205)
	at org.apache.catalina.core.ApplicationFilterChain.doFilter(ApplicationFilterChain.java:149)
	at org.apache.tomcat.websocket.server.WsFilter.doFilter(WsFilter.java:51)
	at org.apache.catalina.core.ApplicationFilterChain.internalDoFilter(ApplicationFilterChain.java:174)
	at org.apache.catalina.core.ApplicationFilterChain.doFilter(ApplicationFilterChain.java:149)
	at org.springframework.web.filter.RequestContextFilter.doFilterInternal(RequestContextFilter.java:100)
	at org.springframework.web.filter.OncePerRequestFilter.doFilter(OncePerRequestFilter.java:116)
	at org.apache.catalina.core.ApplicationFilterChain.internalDoFilter(ApplicationFilterChain.java:174)
	at org.apache.catalina.core.ApplicationFilterChain.doFilter(ApplicationFilterChain.java:149)
	at org.springframework.web.filter.FormContentFilter.doFilterInternal(FormContentFilter.java:93)
	at org.springframework.web.filter.OncePerRequestFilter.doFilter(OncePerRequestFilter.java:116)
	at org.apache.catalina.core.ApplicationFilterChain.internalDoFilter(ApplicationFilterChain.java:174)
	at org.apache.catalina.core.ApplicationFilterChain.doFilter(ApplicationFilterChain.java:149)
	at org.springframework.web.filter.CharacterEncodingFilter.doFilterInternal(CharacterEncodingFilter.java:201)
	at org.springframework.web.filter.OncePerRequestFilter.doFilter(OncePerRequestFilter.java:116)
	at org.apache.catalina.core.ApplicationFilterChain.internalDoFilter(ApplicationFilterChain.java:174)
	at org.apache.catalina.core.ApplicationFilterChain.doFilter(ApplicationFilterChain.java:149)
	at org.apache.catalina.core.StandardWrapperValve.invoke(StandardWrapperValve.java:167)
	at org.apache.catalina.core.StandardContextValve.invoke(StandardContextValve.java:90)
	at org.apache.catalina.authenticator.AuthenticatorBase.invoke(AuthenticatorBase.java:482)
	at org.apache.catalina.core.StandardHostValve.invoke(StandardHostValve.java:115)
	at org.apache.catalina.valves.ErrorReportValve.invoke(ErrorReportValve.java:93)
	at org.apache.catalina.core.StandardEngineValve.invoke(StandardEngineValve.java:74)
	at org.apache.catalina.connector.CoyoteAdapter.service(CoyoteAdapter.java:340)
	at org.apache.coyote.http11.Http11Processor.service(Http11Processor.java:391)
	at org.apache.coyote.AbstractProcessorLight.process(AbstractProcessorLight.java:63)
	at org.apache.coyote.AbstractProtocol$ConnectionHandler.process(AbstractProtocol.java:896)
	at org.apache.tomcat.util.net.NioEndpoint$SocketProcessor.doRun(NioEndpoint.java:1744)
	at org.apache.tomcat.util.net.SocketProcessorBase.run(SocketProcessorBase.java:52)
	at org.apache.tomcat.util.threads.ThreadPoolExecutor.runWorker(ThreadPoolExecutor.java:1191)
	at org.apache.tomcat.util.threads.ThreadPoolExecutor$Worker.run(ThreadPoolExecutor.java:659)
	at org.apache.tomcat.util.threads.TaskThread$WrappingRunnable.run(TaskThread.java:61)
	at java.base/java.lang.Thread.run(Thread.java:1583)

[Practical Java] [2m20:48:56.727[0;39m [32m INFO[0;39m [2m---[0;39m [36mc.s.e.p.PracticalelkApplication         [0;39m [2m:[0;39m Starting PracticalelkApplication using Java 21.0.1 with PID 3112 (C:\development\eclipse-workspace\practicalelk\bin\main started by STYLVN in C:\development\eclipse-workspace\practicalelk)
[Practical Java] [2m20:48:56.729[0;39m [32mDEBUG[0;39m [2m---[0;39m [36mc.s.e.p.PracticalelkApplication         [0;39m [2m:[0;39m Running with Spring Boot v3.2.1, Spring v6.1.2
[Practical Java] [2m20:48:56.729[0;39m [32m INFO[0;39m [2m---[0;39m [36mc.s.e.p.PracticalelkApplication         [0;39m [2m:[0;39m No active profile set, falling back to 1 default profile: "default"
[Practical Java] [2m20:48:57.945[0;39m [32m INFO[0;39m [2m---[0;39m [36mc.s.e.p.PracticalelkApplication         [0;39m [2m:[0;39m Started PracticalelkApplication in 1.747 seconds (process running for 2.324)
[Practical Java] [2m20:49:21.006[0;39m [31mERROR[0;39m [2m---[0;39m [36mo.a.c.c.C.[.[.[/].[dispatcherServlet]   [0;39m [2m:[0;39m Servlet.service() for servlet [dispatcherServlet] in context with path [] threw exception [Request processing failed: java.lang.IllegalStateException: Cannot resolve parameter names for constructor public com.springboot.elk.practicalelk.entity.Car(java.lang.String,java.lang.String,java.lang.String)] with root cause

java.lang.IllegalStateException: Cannot resolve parameter names for constructor public com.springboot.elk.practicalelk.entity.Car(java.lang.String,java.lang.String,java.lang.String)
	at org.springframework.util.Assert.state(Assert.java:97)
	at org.springframework.beans.BeanUtils.getParameterNames(BeanUtils.java:641)
	at org.springframework.validation.DataBinder.createObject(DataBinder.java:932)
	at org.springframework.validation.DataBinder.construct(DataBinder.java:903)
	at org.springframework.web.bind.ServletRequestDataBinder.construct(ServletRequestDataBinder.java:116)
	at org.springframework.web.servlet.mvc.method.annotation.ServletModelAttributeMethodProcessor.constructAttribute(ServletModelAttributeMethodProcessor.java:156)
	at org.springframework.web.method.annotation.ModelAttributeMethodProcessor.resolveArgument(ModelAttributeMethodProcessor.java:148)
	at org.springframework.web.method.support.HandlerMethodArgumentResolverComposite.resolveArgument(HandlerMethodArgumentResolverComposite.java:122)
	at org.springframework.web.method.support.InvocableHandlerMethod.getMethodArgumentValues(InvocableHandlerMethod.java:226)
	at org.springframework.web.method.support.InvocableHandlerMethod.invokeForRequest(InvocableHandlerMethod.java:179)
	at org.springframework.web.servlet.mvc.method.annotation.ServletInvocableHandlerMethod.invokeAndHandle(ServletInvocableHandlerMethod.java:118)
	at org.springframework.web.servlet.mvc.method.annotation.RequestMappingHandlerAdapter.invokeHandlerMethod(RequestMappingHandlerAdapter.java:917)
	at org.springframework.web.servlet.mvc.method.annotation.RequestMappingHandlerAdapter.handleInternal(RequestMappingHandlerAdapter.java:829)
	at org.springframework.web.servlet.mvc.method.AbstractHandlerMethodAdapter.handle(AbstractHandlerMethodAdapter.java:87)
	at org.springframework.web.servlet.DispatcherServlet.doDispatch(DispatcherServlet.java:1089)
	at org.springframework.web.servlet.DispatcherServlet.doService(DispatcherServlet.java:979)
	at org.springframework.web.servlet.FrameworkServlet.processRequest(FrameworkServlet.java:1014)
	at org.springframework.web.servlet.FrameworkServlet.doPost(FrameworkServlet.java:914)
	at jakarta.servlet.http.HttpServlet.service(HttpServlet.java:590)
	at org.springframework.web.servlet.FrameworkServlet.service(FrameworkServlet.java:885)
	at jakarta.servlet.http.HttpServlet.service(HttpServlet.java:658)
	at org.apache.catalina.core.ApplicationFilterChain.internalDoFilter(ApplicationFilterChain.java:205)
	at org.apache.catalina.core.ApplicationFilterChain.doFilter(ApplicationFilterChain.java:149)
	at org.apache.tomcat.websocket.server.WsFilter.doFilter(WsFilter.java:51)
	at org.apache.catalina.core.ApplicationFilterChain.internalDoFilter(ApplicationFilterChain.java:174)
	at org.apache.catalina.core.ApplicationFilterChain.doFilter(ApplicationFilterChain.java:149)
	at org.springframework.web.filter.RequestContextFilter.doFilterInternal(RequestContextFilter.java:100)
	at org.springframework.web.filter.OncePerRequestFilter.doFilter(OncePerRequestFilter.java:116)
	at org.apache.catalina.core.ApplicationFilterChain.internalDoFilter(ApplicationFilterChain.java:174)
	at org.apache.catalina.core.ApplicationFilterChain.doFilter(ApplicationFilterChain.java:149)
	at org.springframework.web.filter.FormContentFilter.doFilterInternal(FormContentFilter.java:93)
	at org.springframework.web.filter.OncePerRequestFilter.doFilter(OncePerRequestFilter.java:116)
	at org.apache.catalina.core.ApplicationFilterChain.internalDoFilter(ApplicationFilterChain.java:174)
	at org.apache.catalina.core.ApplicationFilterChain.doFilter(ApplicationFilterChain.java:149)
	at org.springframework.web.filter.CharacterEncodingFilter.doFilterInternal(CharacterEncodingFilter.java:201)
	at org.springframework.web.filter.OncePerRequestFilter.doFilter(OncePerRequestFilter.java:116)
	at org.apache.catalina.core.ApplicationFilterChain.internalDoFilter(ApplicationFilterChain.java:174)
	at org.apache.catalina.core.ApplicationFilterChain.doFilter(ApplicationFilterChain.java:149)
	at org.apache.catalina.core.StandardWrapperValve.invoke(StandardWrapperValve.java:167)
	at org.apache.catalina.core.StandardContextValve.invoke(StandardContextValve.java:90)
	at org.apache.catalina.authenticator.AuthenticatorBase.invoke(AuthenticatorBase.java:482)
	at org.apache.catalina.core.StandardHostValve.invoke(StandardHostValve.java:115)
	at org.apache.catalina.valves.ErrorReportValve.invoke(ErrorReportValve.java:93)
	at org.apache.catalina.core.StandardEngineValve.invoke(StandardEngineValve.java:74)
	at org.apache.catalina.connector.CoyoteAdapter.service(CoyoteAdapter.java:340)
	at org.apache.coyote.http11.Http11Processor.service(Http11Processor.java:391)
	at org.apache.coyote.AbstractProcessorLight.process(AbstractProcessorLight.java:63)
	at org.apache.coyote.AbstractProtocol$ConnectionHandler.process(AbstractProtocol.java:896)
	at org.apache.tomcat.util.net.NioEndpoint$SocketProcessor.doRun(NioEndpoint.java:1744)
	at org.apache.tomcat.util.net.SocketProcessorBase.run(SocketProcessorBase.java:52)
	at org.apache.tomcat.util.threads.ThreadPoolExecutor.runWorker(ThreadPoolExecutor.java:1191)
	at org.apache.tomcat.util.threads.ThreadPoolExecutor$Worker.run(ThreadPoolExecutor.java:659)
	at org.apache.tomcat.util.threads.TaskThread$WrappingRunnable.run(TaskThread.java:61)
	at java.base/java.lang.Thread.run(Thread.java:1583)

[Practical Java] [2m20:50:16.224[0;39m [32m INFO[0;39m [2m---[0;39m [36mc.s.e.p.PracticalelkApplication         [0;39m [2m:[0;39m Starting PracticalelkApplication using Java 21.0.1 with PID 3112 (C:\development\eclipse-workspace\practicalelk\bin\main started by STYLVN in C:\development\eclipse-workspace\practicalelk)
[Practical Java] [2m20:50:16.224[0;39m [32mDEBUG[0;39m [2m---[0;39m [36mc.s.e.p.PracticalelkApplication         [0;39m [2m:[0;39m Running with Spring Boot v3.2.1, Spring v6.1.2
[Practical Java] [2m20:50:16.225[0;39m [32m INFO[0;39m [2m---[0;39m [36mc.s.e.p.PracticalelkApplication         [0;39m [2m:[0;39m No active profile set, falling back to 1 default profile: "default"
[Practical Java] [2m20:50:16.601[0;39m [32m INFO[0;39m [2m---[0;39m [36mc.s.e.p.PracticalelkApplication         [0;39m [2m:[0;39m Started PracticalelkApplication in 0.431 seconds (process running for 80.981)
[Practical Java] [2m20:50:17.939[0;39m [32m INFO[0;39m [2m---[0;39m [36mc.s.elk.practicalelk.api.server.CarApi  [0;39m [2m:[0;39m Car is : Car [brand=null, color=null, type=null]
[Practical Java] [2m20:50:30.132[0;39m [32m INFO[0;39m [2m---[0;39m [36mc.s.elk.practicalelk.api.server.CarApi  [0;39m [2m:[0;39m Car is : Car [brand=null, color=null, type=null]
[Practical Java] [2m20:51:22.700[0;39m [32m INFO[0;39m [2m---[0;39m [36mc.s.e.p.PracticalelkApplication         [0;39m [2m:[0;39m Starting PracticalelkApplication using Java 21.0.1 with PID 3112 (C:\development\eclipse-workspace\practicalelk\bin\main started by STYLVN in C:\development\eclipse-workspace\practicalelk)
[Practical Java] [2m20:51:22.700[0;39m [32mDEBUG[0;39m [2m---[0;39m [36mc.s.e.p.PracticalelkApplication         [0;39m [2m:[0;39m Running with Spring Boot v3.2.1, Spring v6.1.2
[Practical Java] [2m20:51:22.700[0;39m [32m INFO[0;39m [2m---[0;39m [36mc.s.e.p.PracticalelkApplication         [0;39m [2m:[0;39m No active profile set, falling back to 1 default profile: "default"
[Practical Java] [2m20:51:22.970[0;39m [32m INFO[0;39m [2m---[0;39m [36mc.s.e.p.PracticalelkApplication         [0;39m [2m:[0;39m Started PracticalelkApplication in 0.313 seconds (process running for 147.349)
[Practical Java] [2m20:51:23.824[0;39m [32m INFO[0;39m [2m---[0;39m [36mc.s.elk.practicalelk.api.server.CarApi  [0;39m [2m:[0;39m Car is : Car [brand=null, color=null, type=null]
[Practical Java] [2m20:51:25.204[0;39m [32m INFO[0;39m [2m---[0;39m [36mc.s.elk.practicalelk.api.server.CarApi  [0;39m [2m:[0;39m Car is : Car [brand=null, color=null, type=null]
[Practical Java] [2m20:53:48.176[0;39m [32m INFO[0;39m [2m---[0;39m [36mc.s.e.p.PracticalelkApplication         [0;39m [2m:[0;39m Starting PracticalelkApplication using Java 21.0.1 with PID 3112 (C:\development\eclipse-workspace\practicalelk\bin\main started by STYLVN in C:\development\eclipse-workspace\practicalelk)
[Practical Java] [2m20:53:48.176[0;39m [32mDEBUG[0;39m [2m---[0;39m [36mc.s.e.p.PracticalelkApplication         [0;39m [2m:[0;39m Running with Spring Boot v3.2.1, Spring v6.1.2
[Practical Java] [2m20:53:48.176[0;39m [32m INFO[0;39m [2m---[0;39m [36mc.s.e.p.PracticalelkApplication         [0;39m [2m:[0;39m No active profile set, falling back to 1 default profile: "default"
[Practical Java] [2m20:53:48.386[0;39m [32m INFO[0;39m [2m---[0;39m [36mc.s.e.p.PracticalelkApplication         [0;39m [2m:[0;39m Started PracticalelkApplication in 0.241 seconds (process running for 292.765)
[Practical Java] [2m20:53:56.803[0;39m [32m INFO[0;39m [2m---[0;39m [36mc.s.e.p.PracticalelkApplication         [0;39m [2m:[0;39m Starting PracticalelkApplication using Java 21.0.1 with PID 15816 (C:\development\eclipse-workspace\practicalelk\bin\main started by STYLVN in C:\development\eclipse-workspace\practicalelk)
[Practical Java] [2m20:53:56.804[0;39m [32mDEBUG[0;39m [2m---[0;39m [36mc.s.e.p.PracticalelkApplication         [0;39m [2m:[0;39m Running with Spring Boot v3.2.1, Spring v6.1.2
[Practical Java] [2m20:53:56.805[0;39m [32m INFO[0;39m [2m---[0;39m [36mc.s.e.p.PracticalelkApplication         [0;39m [2m:[0;39m No active profile set, falling back to 1 default profile: "default"
[Practical Java] [2m20:53:58.082[0;39m [32m INFO[0;39m [2m---[0;39m [36mc.s.e.p.PracticalelkApplication         [0;39m [2m:[0;39m Started PracticalelkApplication in 1.818 seconds (process running for 2.395)
[Practical Java] [2m20:54:01.135[0;39m [32m INFO[0;39m [2m---[0;39m [36mc.s.elk.practicalelk.api.server.CarApi  [0;39m [2m:[0;39m Car is : Car [brand=null, color=null, type=null]
[Practical Java] [2m20:54:02.259[0;39m [32m INFO[0;39m [2m---[0;39m [36mc.s.elk.practicalelk.api.server.CarApi  [0;39m [2m:[0;39m Car is : Car [brand=null, color=null, type=null]
[Practical Java] [2m20:54:03.211[0;39m [32m INFO[0;39m [2m---[0;39m [36mc.s.elk.practicalelk.api.server.CarApi  [0;39m [2m:[0;39m Car is : Car [brand=null, color=null, type=null]
[Practical Java] [2m20:54:04.124[0;39m [32m INFO[0;39m [2m---[0;39m [36mc.s.elk.practicalelk.api.server.CarApi  [0;39m [2m:[0;39m Car is : Car [brand=null, color=null, type=null]
[Practical Java] [2m20:54:05.000[0;39m [32m INFO[0;39m [2m---[0;39m [36mc.s.elk.practicalelk.api.server.CarApi  [0;39m [2m:[0;39m Car is : Car [brand=null, color=null, type=null]
[Practical Java] [2m20:54:26.830[0;39m [33m WARN[0;39m [2m---[0;39m [36m.w.s.m.s.DefaultHandlerExceptionResolver[0;39m [2m:[0;39m Resolved [org.springframework.web.HttpMediaTypeNotSupportedException: Content-Type is not supported]
[Practical Java] [2m20:57:33.836[0;39m [32m INFO[0;39m [2m---[0;39m [36mc.s.e.p.PracticalelkApplication         [0;39m [2m:[0;39m Starting PracticalelkApplication using Java 21.0.1 with PID 15816 (C:\development\eclipse-workspace\practicalelk\bin\main started by STYLVN in C:\development\eclipse-workspace\practicalelk)
[Practical Java] [2m20:57:33.837[0;39m [32mDEBUG[0;39m [2m---[0;39m [36mc.s.e.p.PracticalelkApplication         [0;39m [2m:[0;39m Running with Spring Boot v3.2.1, Spring v6.1.2
[Practical Java] [2m20:57:33.837[0;39m [32m INFO[0;39m [2m---[0;39m [36mc.s.e.p.PracticalelkApplication         [0;39m [2m:[0;39m No active profile set, falling back to 1 default profile: "default"
[Practical Java] [2m20:57:34.095[0;39m [32m INFO[0;39m [2m---[0;39m [36mc.s.e.p.PracticalelkApplication         [0;39m [2m:[0;39m Started PracticalelkApplication in 0.296 seconds (process running for 218.409)
[Practical Java] [2m20:57:59.251[0;39m [32m INFO[0;39m [2m---[0;39m [36mc.s.e.p.PracticalelkApplication         [0;39m [2m:[0;39m Starting PracticalelkApplication using Java 21.0.1 with PID 15816 (C:\development\eclipse-workspace\practicalelk\bin\main started by STYLVN in C:\development\eclipse-workspace\practicalelk)
[Practical Java] [2m20:57:59.252[0;39m [32mDEBUG[0;39m [2m---[0;39m [36mc.s.e.p.PracticalelkApplication         [0;39m [2m:[0;39m Running with Spring Boot v3.2.1, Spring v6.1.2
[Practical Java] [2m20:57:59.252[0;39m [32m INFO[0;39m [2m---[0;39m [36mc.s.e.p.PracticalelkApplication         [0;39m [2m:[0;39m No active profile set, falling back to 1 default profile: "default"
[Practical Java] [2m20:57:59.545[0;39m [32m INFO[0;39m [2m---[0;39m [36mc.s.e.p.PracticalelkApplication         [0;39m [2m:[0;39m Started PracticalelkApplication in 0.339 seconds (process running for 243.858)
[Practical Java] [2m20:57:59.651[0;39m [32m INFO[0;39m [2m---[0;39m [36mc.s.elk.practicalelk.api.server.CarApi  [0;39m [2m:[0;39m Car is : Car [brand= )
[Practical Java] [2m20:58:22.606[0;39m [32m INFO[0;39m [2m---[0;39m [36mc.s.e.p.PracticalelkApplication         [0;39m [2m:[0;39m Starting PracticalelkApplication using Java 21.0.1 with PID 15816 (C:\development\eclipse-workspace\practicalelk\bin\main started by STYLVN in C:\development\eclipse-workspace\practicalelk)
[Practical Java] [2m20:58:22.608[0;39m [32mDEBUG[0;39m [2m---[0;39m [36mc.s.e.p.PracticalelkApplication         [0;39m [2m:[0;39m Running with Spring Boot v3.2.1, Spring v6.1.2
[Practical Java] [2m20:58:22.608[0;39m [32m INFO[0;39m [2m---[0;39m [36mc.s.e.p.PracticalelkApplication         [0;39m [2m:[0;39m No active profile set, falling back to 1 default profile: "default"
[Practical Java] [2m20:58:22.823[0;39m [32m INFO[0;39m [2m---[0;39m [36mc.s.e.p.PracticalelkApplication         [0;39m [2m:[0;39m Started PracticalelkApplication in 0.262 seconds (process running for 267.136)
[Practical Java] [2m20:58:45.802[0;39m [32m INFO[0;39m [2m---[0;39m [36mc.s.elk.practicalelk.api.server.CarApi  [0;39m [2m:[0;39m Car is : Car [brand= )
[Practical Java] [2m20:58:46.912[0;39m [32m INFO[0;39m [2m---[0;39m [36mc.s.elk.practicalelk.api.server.CarApi  [0;39m [2m:[0;39m Car is : Car [brand= )
[Practical Java] [2m20:59:10.572[0;39m [32m INFO[0;39m [2m---[0;39m [36mc.s.e.p.PracticalelkApplication         [0;39m [2m:[0;39m Starting PracticalelkApplication using Java 21.0.1 with PID 15816 (C:\development\eclipse-workspace\practicalelk\bin\main started by STYLVN in C:\development\eclipse-workspace\practicalelk)
[Practical Java] [2m20:59:10.573[0;39m [32mDEBUG[0;39m [2m---[0;39m [36mc.s.e.p.PracticalelkApplication         [0;39m [2m:[0;39m Running with Spring Boot v3.2.1, Spring v6.1.2
[Practical Java] [2m20:59:10.573[0;39m [32m INFO[0;39m [2m---[0;39m [36mc.s.e.p.PracticalelkApplication         [0;39m [2m:[0;39m No active profile set, falling back to 1 default profile: "default"
[Practical Java] [2m20:59:10.831[0;39m [32m INFO[0;39m [2m---[0;39m [36mc.s.e.p.PracticalelkApplication         [0;39m [2m:[0;39m Started PracticalelkApplication in 0.3 seconds (process running for 315.144)
[Practical Java] [2m20:59:11.816[0;39m [32m INFO[0;39m [2m---[0;39m [36mc.s.elk.practicalelk.api.server.CarApi  [0;39m [2m:[0;39m Car is : Car [brand=null, color=null, type=null]
[Practical Java] [2m20:59:13.365[0;39m [32m INFO[0;39m [2m---[0;39m [36mc.s.elk.practicalelk.api.server.CarApi  [0;39m [2m:[0;39m Car is : Car [brand=null, color=null, type=null]
[Practical Java] [2m20:59:14.623[0;39m [32m INFO[0;39m [2m---[0;39m [36mc.s.elk.practicalelk.api.server.CarApi  [0;39m [2m:[0;39m Car is : Car [brand=null, color=null, type=null]
[Practical Java] [2m20:59:15.517[0;39m [32m INFO[0;39m [2m---[0;39m [36mc.s.elk.practicalelk.api.server.CarApi  [0;39m [2m:[0;39m Car is : Car [brand=null, color=null, type=null]
[Practical Java] [2m20:59:22.947[0;39m [33m WARN[0;39m [2m---[0;39m [36m.w.s.m.s.DefaultHandlerExceptionResolver[0;39m [2m:[0;39m Resolved [org.springframework.web.HttpMediaTypeNotSupportedException: Content-Type 'application/javascript' is not supported]
[Practical Java] [2m20:59:25.791[0;39m [33m WARN[0;39m [2m---[0;39m [36m.w.s.m.s.DefaultHandlerExceptionResolver[0;39m [2m:[0;39m Resolved [org.springframework.web.HttpMediaTypeNotSupportedException: Content-Type 'text/plain' is not supported]
[Practical Java] [2m20:59:29.427[0;39m [32m INFO[0;39m [2m---[0;39m [36mc.s.elk.practicalelk.api.server.CarApi  [0;39m [2m:[0;39m Car is : Car [brand=null, color=null, type=null]
[Practical Java] [2m20:59:31.039[0;39m [32m INFO[0;39m [2m---[0;39m [36mc.s.elk.practicalelk.api.server.CarApi  [0;39m [2m:[0;39m Car is : Car [brand=null, color=null, type=null]
[Practical Java] [2m20:59:32.101[0;39m [32m INFO[0;39m [2m---[0;39m [36mc.s.elk.practicalelk.api.server.CarApi  [0;39m [2m:[0;39m Car is : Car [brand=null, color=null, type=null]
[Practical Java] [2m21:00:19.884[0;39m [32m INFO[0;39m [2m---[0;39m [36mc.s.e.p.PracticalelkApplication         [0;39m [2m:[0;39m Starting PracticalelkApplication using Java 21.0.1 with PID 15816 (C:\development\eclipse-workspace\practicalelk\bin\main started by STYLVN in C:\development\eclipse-workspace\practicalelk)
[Practical Java] [2m21:00:19.884[0;39m [32mDEBUG[0;39m [2m---[0;39m [36mc.s.e.p.PracticalelkApplication         [0;39m [2m:[0;39m Running with Spring Boot v3.2.1, Spring v6.1.2
[Practical Java] [2m21:00:19.884[0;39m [32m INFO[0;39m [2m---[0;39m [36mc.s.e.p.PracticalelkApplication         [0;39m [2m:[0;39m No active profile set, falling back to 1 default profile: "default"
[Practical Java] [2m21:00:20.082[0;39m [32m INFO[0;39m [2m---[0;39m [36mc.s.e.p.PracticalelkApplication         [0;39m [2m:[0;39m Started PracticalelkApplication in 0.228 seconds (process running for 384.395)
[Practical Java] [2m21:00:59.146[0;39m [32m INFO[0;39m [2m---[0;39m [36mc.s.elk.practicalelk.api.server.CarApi  [0;39m [2m:[0;39m Car is : Car [brand=null, color=null, type=null]
[Practical Java] [2m21:01:00.577[0;39m [32m INFO[0;39m [2m---[0;39m [36mc.s.elk.practicalelk.api.server.CarApi  [0;39m [2m:[0;39m Car is : Car [brand=null, color=null, type=null]
[Practical Java] [2m21:01:42.571[0;39m [32m INFO[0;39m [2m---[0;39m [36mc.s.e.p.PracticalelkApplication         [0;39m [2m:[0;39m Starting PracticalelkApplication using Java 21.0.1 with PID 15816 (C:\development\eclipse-workspace\practicalelk\bin\main started by STYLVN in C:\development\eclipse-workspace\practicalelk)
[Practical Java] [2m21:01:42.571[0;39m [32mDEBUG[0;39m [2m---[0;39m [36mc.s.e.p.PracticalelkApplication         [0;39m [2m:[0;39m Running with Spring Boot v3.2.1, Spring v6.1.2
[Practical Java] [2m21:01:42.571[0;39m [32m INFO[0;39m [2m---[0;39m [36mc.s.e.p.PracticalelkApplication         [0;39m [2m:[0;39m No active profile set, falling back to 1 default profile: "default"
[Practical Java] [2m21:01:42.782[0;39m [32m INFO[0;39m [2m---[0;39m [36mc.s.e.p.PracticalelkApplication         [0;39m [2m:[0;39m Started PracticalelkApplication in 0.24 seconds (process running for 467.096)
[Practical Java] [2m21:01:44.290[0;39m [32m INFO[0;39m [2m---[0;39m [36mc.s.e.p.PracticalelkApplication         [0;39m [2m:[0;39m Starting PracticalelkApplication using Java 21.0.1 with PID 15816 (C:\development\eclipse-workspace\practicalelk\bin\main started by STYLVN in C:\development\eclipse-workspace\practicalelk)
[Practical Java] [2m21:01:44.291[0;39m [32mDEBUG[0;39m [2m---[0;39m [36mc.s.e.p.PracticalelkApplication         [0;39m [2m:[0;39m Running with Spring Boot v3.2.1, Spring v6.1.2
[Practical Java] [2m21:01:44.291[0;39m [32m INFO[0;39m [2m---[0;39m [36mc.s.e.p.PracticalelkApplication         [0;39m [2m:[0;39m No active profile set, falling back to 1 default profile: "default"
[Practical Java] [2m21:01:44.483[0;39m [32m INFO[0;39m [2m---[0;39m [36mc.s.e.p.PracticalelkApplication         [0;39m [2m:[0;39m Started PracticalelkApplication in 0.22 seconds (process running for 468.796)
[Practical Java] [2m21:01:59.383[0;39m [32m INFO[0;39m [2m---[0;39m [36mc.s.e.p.PracticalelkApplication         [0;39m [2m:[0;39m Starting PracticalelkApplication using Java 21.0.1 with PID 15816 (C:\development\eclipse-workspace\practicalelk\bin\main started by STYLVN in C:\development\eclipse-workspace\practicalelk)
[Practical Java] [2m21:01:59.383[0;39m [32mDEBUG[0;39m [2m---[0;39m [36mc.s.e.p.PracticalelkApplication         [0;39m [2m:[0;39m Running with Spring Boot v3.2.1, Spring v6.1.2
[Practical Java] [2m21:01:59.383[0;39m [32m INFO[0;39m [2m---[0;39m [36mc.s.e.p.PracticalelkApplication         [0;39m [2m:[0;39m No active profile set, falling back to 1 default profile: "default"
[Practical Java] [2m21:01:59.604[0;39m [32m INFO[0;39m [2m---[0;39m [36mc.s.e.p.PracticalelkApplication         [0;39m [2m:[0;39m Started PracticalelkApplication in 0.251 seconds (process running for 483.917)
[Practical Java] [2m21:02:00.022[0;39m [32m INFO[0;39m [2m---[0;39m [36mc.s.elk.practicalelk.api.server.CarApi  [0;39m [2m:[0;39m Car is : Car [brand=null, color=null, type=null]
[Practical Java] [2m21:04:10.116[0;39m [32m INFO[0;39m [2m---[0;39m [36mc.s.e.p.PracticalelkApplication         [0;39m [2m:[0;39m Starting PracticalelkApplication using Java 21.0.1 with PID 15816 (C:\development\eclipse-workspace\practicalelk\bin\main started by STYLVN in C:\development\eclipse-workspace\practicalelk)
[Practical Java] [2m21:04:10.117[0;39m [32mDEBUG[0;39m [2m---[0;39m [36mc.s.e.p.PracticalelkApplication         [0;39m [2m:[0;39m Running with Spring Boot v3.2.1, Spring v6.1.2
[Practical Java] [2m21:04:10.117[0;39m [32m INFO[0;39m [2m---[0;39m [36mc.s.e.p.PracticalelkApplication         [0;39m [2m:[0;39m No active profile set, falling back to 1 default profile: "default"
[Practical Java] [2m21:04:10.314[0;39m [32m INFO[0;39m [2m---[0;39m [36mc.s.e.p.PracticalelkApplication         [0;39m [2m:[0;39m Started PracticalelkApplication in 0.226 seconds (process running for 614.626)
[Practical Java] [2m21:04:29.157[0;39m [32m INFO[0;39m [2m---[0;39m [36mc.s.elk.practicalelk.api.server.CarApi  [0;39m [2m:[0;39m Car is : Car [brand=Vinfast, color=black, type=sedan]
[Practical Java] [2m21:11:23.007[0;39m [32m INFO[0;39m [2m---[0;39m [36mc.s.e.p.PracticalelkApplication         [0;39m [2m:[0;39m Starting PracticalelkApplication using Java 21.0.1 with PID 15816 (C:\development\eclipse-workspace\practicalelk\bin\main started by STYLVN in C:\development\eclipse-workspace\practicalelk)
[Practical Java] [2m21:11:23.007[0;39m [32mDEBUG[0;39m [2m---[0;39m [36mc.s.e.p.PracticalelkApplication         [0;39m [2m:[0;39m Running with Spring Boot v3.2.1, Spring v6.1.2
[Practical Java] [2m21:11:23.008[0;39m [32m INFO[0;39m [2m---[0;39m [36mc.s.e.p.PracticalelkApplication         [0;39m [2m:[0;39m No active profile set, falling back to 1 default profile: "default"
[Practical Java] [2m21:11:23.200[0;39m [32m INFO[0;39m [2m---[0;39m [36mc.s.e.p.PracticalelkApplication         [0;39m [2m:[0;39m Started PracticalelkApplication in 0.222 seconds (process running for 1047.513)
[Practical Java] [2m21:13:54.843[0;39m [32m INFO[0;39m [2m---[0;39m [36mc.s.e.p.PracticalelkApplication         [0;39m [2m:[0;39m Starting PracticalelkApplication using Java 21.0.1 with PID 15816 (C:\development\eclipse-workspace\practicalelk\bin\main started by STYLVN in C:\development\eclipse-workspace\practicalelk)
[Practical Java] [2m21:13:54.843[0;39m [32mDEBUG[0;39m [2m---[0;39m [36mc.s.e.p.PracticalelkApplication         [0;39m [2m:[0;39m Running with Spring Boot v3.2.1, Spring v6.1.2
[Practical Java] [2m21:13:54.843[0;39m [32m INFO[0;39m [2m---[0;39m [36mc.s.e.p.PracticalelkApplication         [0;39m [2m:[0;39m No active profile set, falling back to 1 default profile: "default"
[Practical Java] [2m21:13:55.059[0;39m [32m INFO[0;39m [2m---[0;39m [36mc.s.e.p.PracticalelkApplication         [0;39m [2m:[0;39m Started PracticalelkApplication in 0.248 seconds (process running for 1199.372)
[Practical Java] [2m21:15:02.124[0;39m [32m INFO[0;39m [2m---[0;39m [36mc.s.e.p.PracticalelkApplication         [0;39m [2m:[0;39m Starting PracticalelkApplication using Java 21.0.1 with PID 15816 (C:\development\eclipse-workspace\practicalelk\bin\main started by STYLVN in C:\development\eclipse-workspace\practicalelk)
[Practical Java] [2m21:15:02.125[0;39m [32mDEBUG[0;39m [2m---[0;39m [36mc.s.e.p.PracticalelkApplication         [0;39m [2m:[0;39m Running with Spring Boot v3.2.1, Spring v6.1.2
[Practical Java] [2m21:15:02.125[0;39m [32m INFO[0;39m [2m---[0;39m [36mc.s.e.p.PracticalelkApplication         [0;39m [2m:[0;39m No active profile set, falling back to 1 default profile: "default"
[Practical Java] [2m21:15:02.320[0;39m [32m INFO[0;39m [2m---[0;39m [36mc.s.e.p.PracticalelkApplication         [0;39m [2m:[0;39m Started PracticalelkApplication in 0.224 seconds (process running for 1266.633)
[Practical Java] [2m21:15:38.645[0;39m [32m INFO[0;39m [2m---[0;39m [36mc.s.e.p.PracticalelkApplication         [0;39m [2m:[0;39m Starting PracticalelkApplication using Java 21.0.1 with PID 15816 (C:\development\eclipse-workspace\practicalelk\bin\main started by STYLVN in C:\development\eclipse-workspace\practicalelk)
[Practical Java] [2m21:15:38.645[0;39m [32mDEBUG[0;39m [2m---[0;39m [36mc.s.e.p.PracticalelkApplication         [0;39m [2m:[0;39m Running with Spring Boot v3.2.1, Spring v6.1.2
[Practical Java] [2m21:15:38.646[0;39m [32m INFO[0;39m [2m---[0;39m [36mc.s.e.p.PracticalelkApplication         [0;39m [2m:[0;39m No active profile set, falling back to 1 default profile: "default"
[Practical Java] [2m21:15:38.864[0;39m [32m INFO[0;39m [2m---[0;39m [36mc.s.e.p.PracticalelkApplication         [0;39m [2m:[0;39m Started PracticalelkApplication in 0.253 seconds (process running for 1303.176)
[Practical Java] [2m21:17:26.915[0;39m [32m INFO[0;39m [2m---[0;39m [36mc.s.e.p.PracticalelkApplication         [0;39m [2m:[0;39m Starting PracticalelkApplication using Java 21.0.1 with PID 15816 (C:\development\eclipse-workspace\practicalelk\bin\main started by STYLVN in C:\development\eclipse-workspace\practicalelk)
[Practical Java] [2m21:17:26.915[0;39m [32mDEBUG[0;39m [2m---[0;39m [36mc.s.e.p.PracticalelkApplication         [0;39m [2m:[0;39m Running with Spring Boot v3.2.1, Spring v6.1.2
[Practical Java] [2m21:17:26.916[0;39m [32m INFO[0;39m [2m---[0;39m [36mc.s.e.p.PracticalelkApplication         [0;39m [2m:[0;39m No active profile set, falling back to 1 default profile: "default"
[Practical Java] [2m21:17:27.203[0;39m [32m INFO[0;39m [2m---[0;39m [36mc.s.e.p.PracticalelkApplication         [0;39m [2m:[0;39m Started PracticalelkApplication in 0.315 seconds (process running for 1411.516)
[Practical Java] [2m21:17:56.398[0;39m [32m INFO[0;39m [2m---[0;39m [36mc.s.e.p.PracticalelkApplication         [0;39m [2m:[0;39m Starting PracticalelkApplication using Java 21.0.1 with PID 15816 (C:\development\eclipse-workspace\practicalelk\bin\main started by STYLVN in C:\development\eclipse-workspace\practicalelk)
[Practical Java] [2m21:17:56.398[0;39m [32mDEBUG[0;39m [2m---[0;39m [36mc.s.e.p.PracticalelkApplication         [0;39m [2m:[0;39m Running with Spring Boot v3.2.1, Spring v6.1.2
[Practical Java] [2m21:17:56.399[0;39m [32m INFO[0;39m [2m---[0;39m [36mc.s.e.p.PracticalelkApplication         [0;39m [2m:[0;39m No active profile set, falling back to 1 default profile: "default"
[Practical Java] [2m21:17:56.593[0;39m [32m INFO[0;39m [2m---[0;39m [36mc.s.e.p.PracticalelkApplication         [0;39m [2m:[0;39m Started PracticalelkApplication in 0.225 seconds (process running for 1440.906)
[Practical Java] [2m21:18:00.171[0;39m [32m INFO[0;39m [2m---[0;39m [36mc.s.e.p.PracticalelkApplication         [0;39m [2m:[0;39m Starting PracticalelkApplication using Java 21.0.1 with PID 15816 (C:\development\eclipse-workspace\practicalelk\bin\main started by STYLVN in C:\development\eclipse-workspace\practicalelk)
[Practical Java] [2m21:18:00.171[0;39m [32mDEBUG[0;39m [2m---[0;39m [36mc.s.e.p.PracticalelkApplication         [0;39m [2m:[0;39m Running with Spring Boot v3.2.1, Spring v6.1.2
[Practical Java] [2m21:18:00.171[0;39m [32m INFO[0;39m [2m---[0;39m [36mc.s.e.p.PracticalelkApplication         [0;39m [2m:[0;39m No active profile set, falling back to 1 default profile: "default"
[Practical Java] [2m21:18:00.368[0;39m [32m INFO[0;39m [2m---[0;39m [36mc.s.e.p.PracticalelkApplication         [0;39m [2m:[0;39m Started PracticalelkApplication in 0.222 seconds (process running for 1444.68)
[Practical Java] [2m21:18:01.871[0;39m [32m INFO[0;39m [2m---[0;39m [36mc.s.e.p.PracticalelkApplication         [0;39m [2m:[0;39m Starting PracticalelkApplication using Java 21.0.1 with PID 15816 (C:\development\eclipse-workspace\practicalelk\bin\main started by STYLVN in C:\development\eclipse-workspace\practicalelk)
[Practical Java] [2m21:18:01.871[0;39m [32mDEBUG[0;39m [2m---[0;39m [36mc.s.e.p.PracticalelkApplication         [0;39m [2m:[0;39m Running with Spring Boot v3.2.1, Spring v6.1.2
[Practical Java] [2m21:18:01.871[0;39m [32m INFO[0;39m [2m---[0;39m [36mc.s.e.p.PracticalelkApplication         [0;39m [2m:[0;39m No active profile set, falling back to 1 default profile: "default"
[Practical Java] [2m21:18:02.088[0;39m [32m INFO[0;39m [2m---[0;39m [36mc.s.e.p.PracticalelkApplication         [0;39m [2m:[0;39m Started PracticalelkApplication in 0.245 seconds (process running for 1446.401)
[Practical Java] [2m21:18:26.961[0;39m [33m WARN[0;39m [2m---[0;39m [36m.w.s.m.s.DefaultHandlerExceptionResolver[0;39m [2m:[0;39m Resolved [org.springframework.http.converter.HttpMessageNotReadableException: JSON parse error: Cannot deserialize value of type `boolean` from String "SUV": only "true"/"True"/"TRUE" or "false"/"False"/"FALSE" recognized]
[Practical Java] [2m21:19:18.771[0;39m [32m INFO[0;39m [2m---[0;39m [36mc.s.elk.practicalelk.api.server.CarApi  [0;39m [2m:[0;39m Car is : Car [brand=Vinfast, color=black, type=sedan, price=6512, available=false, firstReleaseDate=2014-04-30]
[Practical Java] [2m21:20:24.155[0;39m [32m INFO[0;39m [2m---[0;39m [36mc.s.e.p.PracticalelkApplication         [0;39m [2m:[0;39m Starting PracticalelkApplication using Java 21.0.1 with PID 15816 (C:\development\eclipse-workspace\practicalelk\bin\main started by STYLVN in C:\development\eclipse-workspace\practicalelk)
[Practical Java] [2m21:20:24.155[0;39m [32mDEBUG[0;39m [2m---[0;39m [36mc.s.e.p.PracticalelkApplication         [0;39m [2m:[0;39m Running with Spring Boot v3.2.1, Spring v6.1.2
[Practical Java] [2m21:20:24.155[0;39m [32m INFO[0;39m [2m---[0;39m [36mc.s.e.p.PracticalelkApplication         [0;39m [2m:[0;39m No active profile set, falling back to 1 default profile: "default"
[Practical Java] [2m21:20:24.349[0;39m [32m INFO[0;39m [2m---[0;39m [36mc.s.e.p.PracticalelkApplication         [0;39m [2m:[0;39m Started PracticalelkApplication in 0.22 seconds (process running for 1588.662)
[Practical Java] [2m21:21:31.760[0;39m [32m INFO[0;39m [2m---[0;39m [36mc.s.e.p.PracticalelkApplication         [0;39m [2m:[0;39m Starting PracticalelkApplication using Java 21.0.1 with PID 15816 (C:\development\eclipse-workspace\practicalelk\bin\main started by STYLVN in C:\development\eclipse-workspace\practicalelk)
[Practical Java] [2m21:21:31.761[0;39m [32mDEBUG[0;39m [2m---[0;39m [36mc.s.e.p.PracticalelkApplication         [0;39m [2m:[0;39m Running with Spring Boot v3.2.1, Spring v6.1.2
[Practical Java] [2m21:21:31.761[0;39m [32m INFO[0;39m [2m---[0;39m [36mc.s.e.p.PracticalelkApplication         [0;39m [2m:[0;39m No active profile set, falling back to 1 default profile: "default"
[Practical Java] [2m21:21:32.001[0;39m [32m INFO[0;39m [2m---[0;39m [36mc.s.e.p.PracticalelkApplication         [0;39m [2m:[0;39m Started PracticalelkApplication in 0.272 seconds (process running for 1656.314)
[Practical Java] [2m21:21:33.510[0;39m [32m INFO[0;39m [2m---[0;39m [36mc.s.e.p.PracticalelkApplication         [0;39m [2m:[0;39m Starting PracticalelkApplication using Java 21.0.1 with PID 15816 (C:\development\eclipse-workspace\practicalelk\bin\main started by STYLVN in C:\development\eclipse-workspace\practicalelk)
[Practical Java] [2m21:21:33.511[0;39m [32mDEBUG[0;39m [2m---[0;39m [36mc.s.e.p.PracticalelkApplication         [0;39m [2m:[0;39m Running with Spring Boot v3.2.1, Spring v6.1.2
[Practical Java] [2m21:21:33.511[0;39m [32m INFO[0;39m [2m---[0;39m [36mc.s.e.p.PracticalelkApplication         [0;39m [2m:[0;39m No active profile set, falling back to 1 default profile: "default"
[Practical Java] [2m21:21:33.797[0;39m [32m INFO[0;39m [2m---[0;39m [36mc.s.e.p.PracticalelkApplication         [0;39m [2m:[0;39m Started PracticalelkApplication in 0.315 seconds (process running for 1658.11)
[Practical Java] [2m21:22:29.679[0;39m [32m INFO[0;39m [2m---[0;39m [36mc.s.e.p.PracticalelkApplication         [0;39m [2m:[0;39m Starting PracticalelkApplication using Java 21.0.1 with PID 15816 (C:\development\eclipse-workspace\practicalelk\bin\main started by STYLVN in C:\development\eclipse-workspace\practicalelk)
[Practical Java] [2m21:22:29.679[0;39m [32mDEBUG[0;39m [2m---[0;39m [36mc.s.e.p.PracticalelkApplication         [0;39m [2m:[0;39m Running with Spring Boot v3.2.1, Spring v6.1.2
[Practical Java] [2m21:22:29.680[0;39m [32m INFO[0;39m [2m---[0;39m [36mc.s.e.p.PracticalelkApplication         [0;39m [2m:[0;39m No active profile set, falling back to 1 default profile: "default"
[Practical Java] [2m21:22:29.906[0;39m [32m INFO[0;39m [2m---[0;39m [36mc.s.e.p.PracticalelkApplication         [0;39m [2m:[0;39m Started PracticalelkApplication in 0.259 seconds (process running for 1714.219)
[Practical Java] [2m21:22:58.122[0;39m [32m INFO[0;39m [2m---[0;39m [36mc.s.e.p.PracticalelkApplication         [0;39m [2m:[0;39m Starting PracticalelkApplication using Java 21.0.1 with PID 15816 (C:\development\eclipse-workspace\practicalelk\bin\main started by STYLVN in C:\development\eclipse-workspace\practicalelk)
[Practical Java] [2m21:22:58.122[0;39m [32mDEBUG[0;39m [2m---[0;39m [36mc.s.e.p.PracticalelkApplication         [0;39m [2m:[0;39m Running with Spring Boot v3.2.1, Spring v6.1.2
[Practical Java] [2m21:22:58.122[0;39m [32m INFO[0;39m [2m---[0;39m [36mc.s.e.p.PracticalelkApplication         [0;39m [2m:[0;39m No active profile set, falling back to 1 default profile: "default"
[Practical Java] [2m21:22:58.353[0;39m [32m INFO[0;39m [2m---[0;39m [36mc.s.e.p.PracticalelkApplication         [0;39m [2m:[0;39m Started PracticalelkApplication in 0.262 seconds (process running for 1742.666)
[Practical Java] [2m21:24:06.427[0;39m [32m INFO[0;39m [2m---[0;39m [36mc.s.elk.practicalelk.api.server.CarApi  [0;39m [2m:[0;39m Car is : Car [brand=Vinfast, color=black, type=sedan, price=6512, available=false, firstReleaseDate=2014-04-30]
[Practical Java] [2m21:24:09.678[0;39m [32m INFO[0;39m [2m---[0;39m [36mc.s.elk.practicalelk.api.server.CarApi  [0;39m [2m:[0;39m Car is : Car [brand=Vinfast, color=black, type=sedan, price=6512, available=false, firstReleaseDate=2014-04-30]
[Practical Java] [2m21:24:44.381[0;39m [32m INFO[0;39m [2m---[0;39m [36mc.s.e.p.PracticalelkApplication         [0;39m [2m:[0;39m Starting PracticalelkApplication using Java 21.0.1 with PID 15816 (C:\development\eclipse-workspace\practicalelk\bin\main started by STYLVN in C:\development\eclipse-workspace\practicalelk)
[Practical Java] [2m21:24:44.381[0;39m [32mDEBUG[0;39m [2m---[0;39m [36mc.s.e.p.PracticalelkApplication         [0;39m [2m:[0;39m Running with Spring Boot v3.2.1, Spring v6.1.2
[Practical Java] [2m21:24:44.382[0;39m [32m INFO[0;39m [2m---[0;39m [36mc.s.e.p.PracticalelkApplication         [0;39m [2m:[0;39m No active profile set, falling back to 1 default profile: "default"
[Practical Java] [2m21:24:44.567[0;39m [32m INFO[0;39m [2m---[0;39m [36mc.s.e.p.PracticalelkApplication         [0;39m [2m:[0;39m Started PracticalelkApplication in 0.212 seconds (process running for 1848.88)
[Practical Java] [2m21:24:46.107[0;39m [32m INFO[0;39m [2m---[0;39m [36mc.s.e.p.PracticalelkApplication         [0;39m [2m:[0;39m Starting PracticalelkApplication using Java 21.0.1 with PID 15816 (C:\development\eclipse-workspace\practicalelk\bin\main started by STYLVN in C:\development\eclipse-workspace\practicalelk)
[Practical Java] [2m21:24:46.107[0;39m [32mDEBUG[0;39m [2m---[0;39m [36mc.s.e.p.PracticalelkApplication         [0;39m [2m:[0;39m Running with Spring Boot v3.2.1, Spring v6.1.2
[Practical Java] [2m21:24:46.107[0;39m [32m INFO[0;39m [2m---[0;39m [36mc.s.e.p.PracticalelkApplication         [0;39m [2m:[0;39m No active profile set, falling back to 1 default profile: "default"
[Practical Java] [2m21:24:46.291[0;39m [32m INFO[0;39m [2m---[0;39m [36mc.s.e.p.PracticalelkApplication         [0;39m [2m:[0;39m Started PracticalelkApplication in 0.21 seconds (process running for 1850.604)
[Practical Java] [2m21:25:01.217[0;39m [31mERROR[0;39m [2m---[0;39m [36mo.a.c.c.C.[.[.[/].[dispatcherServlet]   [0;39m [2m:[0;39m Servlet.service() for servlet [dispatcherServlet] in context with path [] threw exception [Handler dispatch failed: java.lang.Error: Unresolved compilation problems: 
	engine cannot be resolved to a variable
	tires cannot be resolved to a variable
	timestamp cannot be resolved to a variable
	secretFeature cannot be resolved to a variable
] with root cause

java.lang.Error: Unresolved compilation problems: 
	engine cannot be resolved to a variable
	tires cannot be resolved to a variable
	timestamp cannot be resolved to a variable
	secretFeature cannot be resolved to a variable

	at com.springboot.elk.practicalelk.entity.Car.toString(Car.java:91)
	at java.base/java.lang.String.valueOf(String.java:4461)
	at com.springboot.elk.practicalelk.api.server.CarApi.echo(CarApi.java:34)
	at java.base/jdk.internal.reflect.DirectMethodHandleAccessor.invoke(DirectMethodHandleAccessor.java:103)
	at java.base/java.lang.reflect.Method.invoke(Method.java:580)
	at org.springframework.web.method.support.InvocableHandlerMethod.doInvoke(InvocableHandlerMethod.java:262)
	at org.springframework.web.method.support.InvocableHandlerMethod.invokeForRequest(InvocableHandlerMethod.java:190)
	at org.springframework.web.servlet.mvc.method.annotation.ServletInvocableHandlerMethod.invokeAndHandle(ServletInvocableHandlerMethod.java:118)
	at org.springframework.web.servlet.mvc.method.annotation.RequestMappingHandlerAdapter.invokeHandlerMethod(RequestMappingHandlerAdapter.java:917)
	at org.springframework.web.servlet.mvc.method.annotation.RequestMappingHandlerAdapter.handleInternal(RequestMappingHandlerAdapter.java:829)
	at org.springframework.web.servlet.mvc.method.AbstractHandlerMethodAdapter.handle(AbstractHandlerMethodAdapter.java:87)
	at org.springframework.web.servlet.DispatcherServlet.doDispatch(DispatcherServlet.java:1089)
	at org.springframework.web.servlet.DispatcherServlet.doService(DispatcherServlet.java:979)
	at org.springframework.web.servlet.FrameworkServlet.processRequest(FrameworkServlet.java:1014)
	at org.springframework.web.servlet.FrameworkServlet.doPost(FrameworkServlet.java:914)
	at jakarta.servlet.http.HttpServlet.service(HttpServlet.java:590)
	at org.springframework.web.servlet.FrameworkServlet.service(FrameworkServlet.java:885)
	at jakarta.servlet.http.HttpServlet.service(HttpServlet.java:658)
	at org.apache.catalina.core.ApplicationFilterChain.internalDoFilter(ApplicationFilterChain.java:205)
	at org.apache.catalina.core.ApplicationFilterChain.doFilter(ApplicationFilterChain.java:149)
	at org.apache.tomcat.websocket.server.WsFilter.doFilter(WsFilter.java:51)
	at org.apache.catalina.core.ApplicationFilterChain.internalDoFilter(ApplicationFilterChain.java:174)
	at org.apache.catalina.core.ApplicationFilterChain.doFilter(ApplicationFilterChain.java:149)
	at org.springframework.web.filter.RequestContextFilter.doFilterInternal(RequestContextFilter.java:100)
	at org.springframework.web.filter.OncePerRequestFilter.doFilter(OncePerRequestFilter.java:116)
	at org.apache.catalina.core.ApplicationFilterChain.internalDoFilter(ApplicationFilterChain.java:174)
	at org.apache.catalina.core.ApplicationFilterChain.doFilter(ApplicationFilterChain.java:149)
	at org.springframework.web.filter.FormContentFilter.doFilterInternal(FormContentFilter.java:93)
	at org.springframework.web.filter.OncePerRequestFilter.doFilter(OncePerRequestFilter.java:116)
	at org.apache.catalina.core.ApplicationFilterChain.internalDoFilter(ApplicationFilterChain.java:174)
	at org.apache.catalina.core.ApplicationFilterChain.doFilter(ApplicationFilterChain.java:149)
	at org.springframework.web.filter.CharacterEncodingFilter.doFilterInternal(CharacterEncodingFilter.java:201)
	at org.springframework.web.filter.OncePerRequestFilter.doFilter(OncePerRequestFilter.java:116)
	at org.apache.catalina.core.ApplicationFilterChain.internalDoFilter(ApplicationFilterChain.java:174)
	at org.apache.catalina.core.ApplicationFilterChain.doFilter(ApplicationFilterChain.java:149)
	at org.apache.catalina.core.StandardWrapperValve.invoke(StandardWrapperValve.java:167)
	at org.apache.catalina.core.StandardContextValve.invoke(StandardContextValve.java:90)
	at org.apache.catalina.authenticator.AuthenticatorBase.invoke(AuthenticatorBase.java:482)
	at org.apache.catalina.core.StandardHostValve.invoke(StandardHostValve.java:115)
	at org.apache.catalina.valves.ErrorReportValve.invoke(ErrorReportValve.java:93)
	at org.apache.catalina.core.StandardEngineValve.invoke(StandardEngineValve.java:74)
	at org.apache.catalina.connector.CoyoteAdapter.service(CoyoteAdapter.java:340)
	at org.apache.coyote.http11.Http11Processor.service(Http11Processor.java:391)
	at org.apache.coyote.AbstractProcessorLight.process(AbstractProcessorLight.java:63)
	at org.apache.coyote.AbstractProtocol$ConnectionHandler.process(AbstractProtocol.java:896)
	at org.apache.tomcat.util.net.NioEndpoint$SocketProcessor.doRun(NioEndpoint.java:1744)
	at org.apache.tomcat.util.net.SocketProcessorBase.run(SocketProcessorBase.java:52)
	at org.apache.tomcat.util.threads.ThreadPoolExecutor.runWorker(ThreadPoolExecutor.java:1191)
	at org.apache.tomcat.util.threads.ThreadPoolExecutor$Worker.run(ThreadPoolExecutor.java:659)
	at org.apache.tomcat.util.threads.TaskThread$WrappingRunnable.run(TaskThread.java:61)
	at java.base/java.lang.Thread.run(Thread.java:1583)

[Practical Java] [2m21:25:02.730[0;39m [31mERROR[0;39m [2m---[0;39m [36mo.a.c.c.C.[.[.[/].[dispatcherServlet]   [0;39m [2m:[0;39m Servlet.service() for servlet [dispatcherServlet] in context with path [] threw exception [Handler dispatch failed: java.lang.Error: Unresolved compilation problems: 
	engine cannot be resolved to a variable
	tires cannot be resolved to a variable
	timestamp cannot be resolved to a variable
	secretFeature cannot be resolved to a variable
] with root cause

java.lang.Error: Unresolved compilation problems: 
	engine cannot be resolved to a variable
	tires cannot be resolved to a variable
	timestamp cannot be resolved to a variable
	secretFeature cannot be resolved to a variable

	at com.springboot.elk.practicalelk.entity.Car.toString(Car.java:91)
	at java.base/java.lang.String.valueOf(String.java:4461)
	at com.springboot.elk.practicalelk.api.server.CarApi.echo(CarApi.java:34)
	at java.base/jdk.internal.reflect.DirectMethodHandleAccessor.invoke(DirectMethodHandleAccessor.java:103)
	at java.base/java.lang.reflect.Method.invoke(Method.java:580)
	at org.springframework.web.method.support.InvocableHandlerMethod.doInvoke(InvocableHandlerMethod.java:262)
	at org.springframework.web.method.support.InvocableHandlerMethod.invokeForRequest(InvocableHandlerMethod.java:190)
	at org.springframework.web.servlet.mvc.method.annotation.ServletInvocableHandlerMethod.invokeAndHandle(ServletInvocableHandlerMethod.java:118)
	at org.springframework.web.servlet.mvc.method.annotation.RequestMappingHandlerAdapter.invokeHandlerMethod(RequestMappingHandlerAdapter.java:917)
	at org.springframework.web.servlet.mvc.method.annotation.RequestMappingHandlerAdapter.handleInternal(RequestMappingHandlerAdapter.java:829)
	at org.springframework.web.servlet.mvc.method.AbstractHandlerMethodAdapter.handle(AbstractHandlerMethodAdapter.java:87)
	at org.springframework.web.servlet.DispatcherServlet.doDispatch(DispatcherServlet.java:1089)
	at org.springframework.web.servlet.DispatcherServlet.doService(DispatcherServlet.java:979)
	at org.springframework.web.servlet.FrameworkServlet.processRequest(FrameworkServlet.java:1014)
	at org.springframework.web.servlet.FrameworkServlet.doPost(FrameworkServlet.java:914)
	at jakarta.servlet.http.HttpServlet.service(HttpServlet.java:590)
	at org.springframework.web.servlet.FrameworkServlet.service(FrameworkServlet.java:885)
	at jakarta.servlet.http.HttpServlet.service(HttpServlet.java:658)
	at org.apache.catalina.core.ApplicationFilterChain.internalDoFilter(ApplicationFilterChain.java:205)
	at org.apache.catalina.core.ApplicationFilterChain.doFilter(ApplicationFilterChain.java:149)
	at org.apache.tomcat.websocket.server.WsFilter.doFilter(WsFilter.java:51)
	at org.apache.catalina.core.ApplicationFilterChain.internalDoFilter(ApplicationFilterChain.java:174)
	at org.apache.catalina.core.ApplicationFilterChain.doFilter(ApplicationFilterChain.java:149)
	at org.springframework.web.filter.RequestContextFilter.doFilterInternal(RequestContextFilter.java:100)
	at org.springframework.web.filter.OncePerRequestFilter.doFilter(OncePerRequestFilter.java:116)
	at org.apache.catalina.core.ApplicationFilterChain.internalDoFilter(ApplicationFilterChain.java:174)
	at org.apache.catalina.core.ApplicationFilterChain.doFilter(ApplicationFilterChain.java:149)
	at org.springframework.web.filter.FormContentFilter.doFilterInternal(FormContentFilter.java:93)
	at org.springframework.web.filter.OncePerRequestFilter.doFilter(OncePerRequestFilter.java:116)
	at org.apache.catalina.core.ApplicationFilterChain.internalDoFilter(ApplicationFilterChain.java:174)
	at org.apache.catalina.core.ApplicationFilterChain.doFilter(ApplicationFilterChain.java:149)
	at org.springframework.web.filter.CharacterEncodingFilter.doFilterInternal(CharacterEncodingFilter.java:201)
	at org.springframework.web.filter.OncePerRequestFilter.doFilter(OncePerRequestFilter.java:116)
	at org.apache.catalina.core.ApplicationFilterChain.internalDoFilter(ApplicationFilterChain.java:174)
	at org.apache.catalina.core.ApplicationFilterChain.doFilter(ApplicationFilterChain.java:149)
	at org.apache.catalina.core.StandardWrapperValve.invoke(StandardWrapperValve.java:167)
	at org.apache.catalina.core.StandardContextValve.invoke(StandardContextValve.java:90)
	at org.apache.catalina.authenticator.AuthenticatorBase.invoke(AuthenticatorBase.java:482)
	at org.apache.catalina.core.StandardHostValve.invoke(StandardHostValve.java:115)
	at org.apache.catalina.valves.ErrorReportValve.invoke(ErrorReportValve.java:93)
	at org.apache.catalina.core.StandardEngineValve.invoke(StandardEngineValve.java:74)
	at org.apache.catalina.connector.CoyoteAdapter.service(CoyoteAdapter.java:340)
	at org.apache.coyote.http11.Http11Processor.service(Http11Processor.java:391)
	at org.apache.coyote.AbstractProcessorLight.process(AbstractProcessorLight.java:63)
	at org.apache.coyote.AbstractProtocol$ConnectionHandler.process(AbstractProtocol.java:896)
	at org.apache.tomcat.util.net.NioEndpoint$SocketProcessor.doRun(NioEndpoint.java:1744)
	at org.apache.tomcat.util.net.SocketProcessorBase.run(SocketProcessorBase.java:52)
	at org.apache.tomcat.util.threads.ThreadPoolExecutor.runWorker(ThreadPoolExecutor.java:1191)
	at org.apache.tomcat.util.threads.ThreadPoolExecutor$Worker.run(ThreadPoolExecutor.java:659)
	at org.apache.tomcat.util.threads.TaskThread$WrappingRunnable.run(TaskThread.java:61)
	at java.base/java.lang.Thread.run(Thread.java:1583)

[Practical Java] [2m21:25:03.959[0;39m [31mERROR[0;39m [2m---[0;39m [36mo.a.c.c.C.[.[.[/].[dispatcherServlet]   [0;39m [2m:[0;39m Servlet.service() for servlet [dispatcherServlet] in context with path [] threw exception [Handler dispatch failed: java.lang.Error: Unresolved compilation problems: 
	engine cannot be resolved to a variable
	tires cannot be resolved to a variable
	timestamp cannot be resolved to a variable
	secretFeature cannot be resolved to a variable
] with root cause

java.lang.Error: Unresolved compilation problems: 
	engine cannot be resolved to a variable
	tires cannot be resolved to a variable
	timestamp cannot be resolved to a variable
	secretFeature cannot be resolved to a variable

	at com.springboot.elk.practicalelk.entity.Car.toString(Car.java:91)
	at java.base/java.lang.String.valueOf(String.java:4461)
	at com.springboot.elk.practicalelk.api.server.CarApi.echo(CarApi.java:34)
	at java.base/jdk.internal.reflect.DirectMethodHandleAccessor.invoke(DirectMethodHandleAccessor.java:103)
	at java.base/java.lang.reflect.Method.invoke(Method.java:580)
	at org.springframework.web.method.support.InvocableHandlerMethod.doInvoke(InvocableHandlerMethod.java:262)
	at org.springframework.web.method.support.InvocableHandlerMethod.invokeForRequest(InvocableHandlerMethod.java:190)
	at org.springframework.web.servlet.mvc.method.annotation.ServletInvocableHandlerMethod.invokeAndHandle(ServletInvocableHandlerMethod.java:118)
	at org.springframework.web.servlet.mvc.method.annotation.RequestMappingHandlerAdapter.invokeHandlerMethod(RequestMappingHandlerAdapter.java:917)
	at org.springframework.web.servlet.mvc.method.annotation.RequestMappingHandlerAdapter.handleInternal(RequestMappingHandlerAdapter.java:829)
	at org.springframework.web.servlet.mvc.method.AbstractHandlerMethodAdapter.handle(AbstractHandlerMethodAdapter.java:87)
	at org.springframework.web.servlet.DispatcherServlet.doDispatch(DispatcherServlet.java:1089)
	at org.springframework.web.servlet.DispatcherServlet.doService(DispatcherServlet.java:979)
	at org.springframework.web.servlet.FrameworkServlet.processRequest(FrameworkServlet.java:1014)
	at org.springframework.web.servlet.FrameworkServlet.doPost(FrameworkServlet.java:914)
	at jakarta.servlet.http.HttpServlet.service(HttpServlet.java:590)
	at org.springframework.web.servlet.FrameworkServlet.service(FrameworkServlet.java:885)
	at jakarta.servlet.http.HttpServlet.service(HttpServlet.java:658)
	at org.apache.catalina.core.ApplicationFilterChain.internalDoFilter(ApplicationFilterChain.java:205)
	at org.apache.catalina.core.ApplicationFilterChain.doFilter(ApplicationFilterChain.java:149)
	at org.apache.tomcat.websocket.server.WsFilter.doFilter(WsFilter.java:51)
	at org.apache.catalina.core.ApplicationFilterChain.internalDoFilter(ApplicationFilterChain.java:174)
	at org.apache.catalina.core.ApplicationFilterChain.doFilter(ApplicationFilterChain.java:149)
	at org.springframework.web.filter.RequestContextFilter.doFilterInternal(RequestContextFilter.java:100)
	at org.springframework.web.filter.OncePerRequestFilter.doFilter(OncePerRequestFilter.java:116)
	at org.apache.catalina.core.ApplicationFilterChain.internalDoFilter(ApplicationFilterChain.java:174)
	at org.apache.catalina.core.ApplicationFilterChain.doFilter(ApplicationFilterChain.java:149)
	at org.springframework.web.filter.FormContentFilter.doFilterInternal(FormContentFilter.java:93)
	at org.springframework.web.filter.OncePerRequestFilter.doFilter(OncePerRequestFilter.java:116)
	at org.apache.catalina.core.ApplicationFilterChain.internalDoFilter(ApplicationFilterChain.java:174)
	at org.apache.catalina.core.ApplicationFilterChain.doFilter(ApplicationFilterChain.java:149)
	at org.springframework.web.filter.CharacterEncodingFilter.doFilterInternal(CharacterEncodingFilter.java:201)
	at org.springframework.web.filter.OncePerRequestFilter.doFilter(OncePerRequestFilter.java:116)
	at org.apache.catalina.core.ApplicationFilterChain.internalDoFilter(ApplicationFilterChain.java:174)
	at org.apache.catalina.core.ApplicationFilterChain.doFilter(ApplicationFilterChain.java:149)
	at org.apache.catalina.core.StandardWrapperValve.invoke(StandardWrapperValve.java:167)
	at org.apache.catalina.core.StandardContextValve.invoke(StandardContextValve.java:90)
	at org.apache.catalina.authenticator.AuthenticatorBase.invoke(AuthenticatorBase.java:482)
	at org.apache.catalina.core.StandardHostValve.invoke(StandardHostValve.java:115)
	at org.apache.catalina.valves.ErrorReportValve.invoke(ErrorReportValve.java:93)
	at org.apache.catalina.core.StandardEngineValve.invoke(StandardEngineValve.java:74)
	at org.apache.catalina.connector.CoyoteAdapter.service(CoyoteAdapter.java:340)
	at org.apache.coyote.http11.Http11Processor.service(Http11Processor.java:391)
	at org.apache.coyote.AbstractProcessorLight.process(AbstractProcessorLight.java:63)
	at org.apache.coyote.AbstractProtocol$ConnectionHandler.process(AbstractProtocol.java:896)
	at org.apache.tomcat.util.net.NioEndpoint$SocketProcessor.doRun(NioEndpoint.java:1744)
	at org.apache.tomcat.util.net.SocketProcessorBase.run(SocketProcessorBase.java:52)
	at org.apache.tomcat.util.threads.ThreadPoolExecutor.runWorker(ThreadPoolExecutor.java:1191)
	at org.apache.tomcat.util.threads.ThreadPoolExecutor$Worker.run(ThreadPoolExecutor.java:659)
	at org.apache.tomcat.util.threads.TaskThread$WrappingRunnable.run(TaskThread.java:61)
	at java.base/java.lang.Thread.run(Thread.java:1583)

[Practical Java] [2m21:28:18.086[0;39m [32m INFO[0;39m [2m---[0;39m [36mc.s.e.p.PracticalelkApplication         [0;39m [2m:[0;39m Starting PracticalelkApplication using Java 21.0.1 with PID 3660 (C:\development\eclipse-workspace\practicalelk\bin\main started by STYLVN in C:\development\eclipse-workspace\practicalelk)
[Practical Java] [2m21:28:18.087[0;39m [32mDEBUG[0;39m [2m---[0;39m [36mc.s.e.p.PracticalelkApplication         [0;39m [2m:[0;39m Running with Spring Boot v3.2.1, Spring v6.1.2
[Practical Java] [2m21:28:18.088[0;39m [32m INFO[0;39m [2m---[0;39m [36mc.s.e.p.PracticalelkApplication         [0;39m [2m:[0;39m No active profile set, falling back to 1 default profile: "default"
[Practical Java] [2m21:28:19.281[0;39m [32m INFO[0;39m [2m---[0;39m [36mc.s.e.p.PracticalelkApplication         [0;39m [2m:[0;39m Started PracticalelkApplication in 1.714 seconds (process running for 2.316)
[Practical Java] [2m21:28:53.754[0;39m [32m INFO[0;39m [2m---[0;39m [36mc.s.elk.practicalelk.api.server.CarApi  [0;39m [2m:[0;39m Car is : Car [brand=Vinfast, color=black, type=sedan, price=6512, available=false, firstReleaseDate=2014-04-30, additionalFeatures=null]
[Practical Java] [2m21:33:27.718[0;39m [32m INFO[0;39m [2m---[0;39m [36mc.s.e.p.PracticalelkApplication         [0;39m [2m:[0;39m Starting PracticalelkApplication using Java 21.0.1 with PID 3660 (C:\development\eclipse-workspace\practicalelk\bin\main started by STYLVN in C:\development\eclipse-workspace\practicalelk)
[Practical Java] [2m21:33:27.719[0;39m [32mDEBUG[0;39m [2m---[0;39m [36mc.s.e.p.PracticalelkApplication         [0;39m [2m:[0;39m Running with Spring Boot v3.2.1, Spring v6.1.2
[Practical Java] [2m21:33:27.719[0;39m [32m INFO[0;39m [2m---[0;39m [36mc.s.e.p.PracticalelkApplication         [0;39m [2m:[0;39m No active profile set, falling back to 1 default profile: "default"
[Practical Java] [2m21:33:27.978[0;39m [32m INFO[0;39m [2m---[0;39m [36mc.s.e.p.PracticalelkApplication         [0;39m [2m:[0;39m Started PracticalelkApplication in 0.296 seconds (process running for 311.013)
[Practical Java] [2m21:33:31.592[0;39m [32m INFO[0;39m [2m---[0;39m [36mc.s.e.p.PracticalelkApplication         [0;39m [2m:[0;39m Starting PracticalelkApplication using Java 21.0.1 with PID 3660 (C:\development\eclipse-workspace\practicalelk\bin\main started by STYLVN in C:\development\eclipse-workspace\practicalelk)
[Practical Java] [2m21:33:31.593[0;39m [32mDEBUG[0;39m [2m---[0;39m [36mc.s.e.p.PracticalelkApplication         [0;39m [2m:[0;39m Running with Spring Boot v3.2.1, Spring v6.1.2
[Practical Java] [2m21:33:31.593[0;39m [32m INFO[0;39m [2m---[0;39m [36mc.s.e.p.PracticalelkApplication         [0;39m [2m:[0;39m No active profile set, falling back to 1 default profile: "default"
[Practical Java] [2m21:33:31.899[0;39m [32m INFO[0;39m [2m---[0;39m [36mc.s.e.p.PracticalelkApplication         [0;39m [2m:[0;39m Started PracticalelkApplication in 0.356 seconds (process running for 314.934)
[Practical Java] [2m21:35:28.212[0;39m [32m INFO[0;39m [2m---[0;39m [36mc.s.e.p.PracticalelkApplication         [0;39m [2m:[0;39m Starting PracticalelkApplication using Java 21.0.1 with PID 3660 (C:\development\eclipse-workspace\practicalelk\bin\main started by STYLVN in C:\development\eclipse-workspace\practicalelk)
[Practical Java] [2m21:35:28.213[0;39m [32mDEBUG[0;39m [2m---[0;39m [36mc.s.e.p.PracticalelkApplication         [0;39m [2m:[0;39m Running with Spring Boot v3.2.1, Spring v6.1.2
[Practical Java] [2m21:35:28.213[0;39m [32m INFO[0;39m [2m---[0;39m [36mc.s.e.p.PracticalelkApplication         [0;39m [2m:[0;39m No active profile set, falling back to 1 default profile: "default"
[Practical Java] [2m21:35:28.434[0;39m [32m INFO[0;39m [2m---[0;39m [36mc.s.e.p.PracticalelkApplication         [0;39m [2m:[0;39m Started PracticalelkApplication in 0.253 seconds (process running for 431.469)
[Practical Java] [2m21:37:05.605[0;39m [32m INFO[0;39m [2m---[0;39m [36mc.s.e.p.PracticalelkApplication         [0;39m [2m:[0;39m Starting PracticalelkApplication using Java 21.0.1 with PID 3660 (C:\development\eclipse-workspace\practicalelk\bin\main started by STYLVN in C:\development\eclipse-workspace\practicalelk)
[Practical Java] [2m21:37:05.605[0;39m [32mDEBUG[0;39m [2m---[0;39m [36mc.s.e.p.PracticalelkApplication         [0;39m [2m:[0;39m Running with Spring Boot v3.2.1, Spring v6.1.2
[Practical Java] [2m21:37:05.605[0;39m [32m INFO[0;39m [2m---[0;39m [36mc.s.e.p.PracticalelkApplication         [0;39m [2m:[0;39m No active profile set, falling back to 1 default profile: "default"
[Practical Java] [2m21:37:05.814[0;39m [32m INFO[0;39m [2m---[0;39m [36mc.s.e.p.PracticalelkApplication         [0;39m [2m:[0;39m Started PracticalelkApplication in 0.239 seconds (process running for 528.848)
[Practical Java] [2m21:51:32.269[0;39m [32m INFO[0;39m [2m---[0;39m [36mc.s.e.p.PracticalelkApplication         [0;39m [2m:[0;39m Starting PracticalelkApplication using Java 21.0.1 with PID 3660 (C:\development\eclipse-workspace\practicalelk\bin\main started by STYLVN in C:\development\eclipse-workspace\practicalelk)
[Practical Java] [2m21:51:32.270[0;39m [32mDEBUG[0;39m [2m---[0;39m [36mc.s.e.p.PracticalelkApplication         [0;39m [2m:[0;39m Running with Spring Boot v3.2.1, Spring v6.1.2
[Practical Java] [2m21:51:32.270[0;39m [32m INFO[0;39m [2m---[0;39m [36mc.s.e.p.PracticalelkApplication         [0;39m [2m:[0;39m No active profile set, falling back to 1 default profile: "default"
[Practical Java] [2m21:51:32.537[0;39m [32m INFO[0;39m [2m---[0;39m [36mc.s.e.p.PracticalelkApplication         [0;39m [2m:[0;39m Started PracticalelkApplication in 0.313 seconds (process running for 1395.572)
[Practical Java] [2m21:51:58.614[0;39m [32m INFO[0;39m [2m---[0;39m [36mc.s.e.p.PracticalelkApplication         [0;39m [2m:[0;39m Starting PracticalelkApplication using Java 21.0.1 with PID 3660 (C:\development\eclipse-workspace\practicalelk\bin\main started by STYLVN in C:\development\eclipse-workspace\practicalelk)
[Practical Java] [2m21:51:58.615[0;39m [32mDEBUG[0;39m [2m---[0;39m [36mc.s.e.p.PracticalelkApplication         [0;39m [2m:[0;39m Running with Spring Boot v3.2.1, Spring v6.1.2
[Practical Java] [2m21:51:58.616[0;39m [32m INFO[0;39m [2m---[0;39m [36mc.s.e.p.PracticalelkApplication         [0;39m [2m:[0;39m No active profile set, falling back to 1 default profile: "default"
[Practical Java] [2m21:51:58.822[0;39m [32m INFO[0;39m [2m---[0;39m [36mc.s.e.p.PracticalelkApplication         [0;39m [2m:[0;39m Started PracticalelkApplication in 0.236 seconds (process running for 1421.857)
[Practical Java] [2m21:52:42.366[0;39m [32m INFO[0;39m [2m---[0;39m [36mc.s.e.p.PracticalelkApplication         [0;39m [2m:[0;39m Starting PracticalelkApplication using Java 21.0.1 with PID 3660 (C:\development\eclipse-workspace\practicalelk\bin\main started by STYLVN in C:\development\eclipse-workspace\practicalelk)
[Practical Java] [2m21:52:42.367[0;39m [32mDEBUG[0;39m [2m---[0;39m [36mc.s.e.p.PracticalelkApplication         [0;39m [2m:[0;39m Running with Spring Boot v3.2.1, Spring v6.1.2
[Practical Java] [2m21:52:42.367[0;39m [32m INFO[0;39m [2m---[0;39m [36mc.s.e.p.PracticalelkApplication         [0;39m [2m:[0;39m No active profile set, falling back to 1 default profile: "default"
[Practical Java] [2m21:52:42.607[0;39m [32m INFO[0;39m [2m---[0;39m [36mc.s.e.p.PracticalelkApplication         [0;39m [2m:[0;39m Started PracticalelkApplication in 0.276 seconds (process running for 1465.641)
[Practical Java] [2m21:52:53.335[0;39m [32m INFO[0;39m [2m---[0;39m [36mc.s.e.p.PracticalelkApplication         [0;39m [2m:[0;39m Starting PracticalelkApplication using Java 21.0.1 with PID 3660 (C:\development\eclipse-workspace\practicalelk\bin\main started by STYLVN in C:\development\eclipse-workspace\practicalelk)
[Practical Java] [2m21:52:53.336[0;39m [32mDEBUG[0;39m [2m---[0;39m [36mc.s.e.p.PracticalelkApplication         [0;39m [2m:[0;39m Running with Spring Boot v3.2.1, Spring v6.1.2
[Practical Java] [2m21:52:53.336[0;39m [32m INFO[0;39m [2m---[0;39m [36mc.s.e.p.PracticalelkApplication         [0;39m [2m:[0;39m No active profile set, falling back to 1 default profile: "default"
[Practical Java] [2m21:52:53.667[0;39m [32m INFO[0;39m [2m---[0;39m [36mc.s.e.p.PracticalelkApplication         [0;39m [2m:[0;39m Started PracticalelkApplication in 0.398 seconds (process running for 1476.702)
[Practical Java] [2m21:52:58.260[0;39m [32m INFO[0;39m [2m---[0;39m [36mc.s.e.p.PracticalelkApplication         [0;39m [2m:[0;39m Starting PracticalelkApplication using Java 21.0.1 with PID 3660 (C:\development\eclipse-workspace\practicalelk\bin\main started by STYLVN in C:\development\eclipse-workspace\practicalelk)
[Practical Java] [2m21:52:58.261[0;39m [32mDEBUG[0;39m [2m---[0;39m [36mc.s.e.p.PracticalelkApplication         [0;39m [2m:[0;39m Running with Spring Boot v3.2.1, Spring v6.1.2
[Practical Java] [2m21:52:58.261[0;39m [32m INFO[0;39m [2m---[0;39m [36mc.s.e.p.PracticalelkApplication         [0;39m [2m:[0;39m No active profile set, falling back to 1 default profile: "default"
[Practical Java] [2m21:52:58.568[0;39m [32m INFO[0;39m [2m---[0;39m [36mc.s.e.p.PracticalelkApplication         [0;39m [2m:[0;39m Started PracticalelkApplication in 0.344 seconds (process running for 1481.603)
[Practical Java] [2m21:53:55.732[0;39m [32m INFO[0;39m [2m---[0;39m [36mc.s.e.p.PracticalelkApplication         [0;39m [2m:[0;39m Starting PracticalelkApplication using Java 21.0.1 with PID 3660 (C:\development\eclipse-workspace\practicalelk\bin\main started by STYLVN in C:\development\eclipse-workspace\practicalelk)
[Practical Java] [2m21:53:55.733[0;39m [32mDEBUG[0;39m [2m---[0;39m [36mc.s.e.p.PracticalelkApplication         [0;39m [2m:[0;39m Running with Spring Boot v3.2.1, Spring v6.1.2
[Practical Java] [2m21:53:55.733[0;39m [32m INFO[0;39m [2m---[0;39m [36mc.s.e.p.PracticalelkApplication         [0;39m [2m:[0;39m No active profile set, falling back to 1 default profile: "default"
[Practical Java] [2m21:53:56.000[0;39m [32m INFO[0;39m [2m---[0;39m [36mc.s.e.p.PracticalelkApplication         [0;39m [2m:[0;39m Started PracticalelkApplication in 0.302 seconds (process running for 1539.034)
[Practical Java] [2m21:57:10.542[0;39m [32m INFO[0;39m [2m---[0;39m [36mc.s.e.p.PracticalelkApplication         [0;39m [2m:[0;39m Starting PracticalelkApplication using Java 21.0.1 with PID 3660 (C:\development\eclipse-workspace\practicalelk\bin\main started by STYLVN in C:\development\eclipse-workspace\practicalelk)
[Practical Java] [2m21:57:10.543[0;39m [32mDEBUG[0;39m [2m---[0;39m [36mc.s.e.p.PracticalelkApplication         [0;39m [2m:[0;39m Running with Spring Boot v3.2.1, Spring v6.1.2
[Practical Java] [2m21:57:10.543[0;39m [32m INFO[0;39m [2m---[0;39m [36mc.s.e.p.PracticalelkApplication         [0;39m [2m:[0;39m No active profile set, falling back to 1 default profile: "default"
[Practical Java] [2m21:57:10.739[0;39m [32m INFO[0;39m [2m---[0;39m [36mc.s.e.p.PracticalelkApplication         [0;39m [2m:[0;39m Started PracticalelkApplication in 0.225 seconds (process running for 1733.774)
[Practical Java] [2m21:58:32.825[0;39m [32m INFO[0;39m [2m---[0;39m [36mc.s.e.p.PracticalelkApplication         [0;39m [2m:[0;39m Starting PracticalelkApplication using Java 21.0.1 with PID 12564 (C:\development\eclipse-workspace\practicalelk\bin\main started by STYLVN in C:\development\eclipse-workspace\practicalelk)
[Practical Java] [2m21:58:32.827[0;39m [32mDEBUG[0;39m [2m---[0;39m [36mc.s.e.p.PracticalelkApplication         [0;39m [2m:[0;39m Running with Spring Boot v3.2.1, Spring v6.1.2
[Practical Java] [2m21:58:32.828[0;39m [32m INFO[0;39m [2m---[0;39m [36mc.s.e.p.PracticalelkApplication         [0;39m [2m:[0;39m No active profile set, falling back to 1 default profile: "default"
[Practical Java] [2m21:58:34.052[0;39m [32m INFO[0;39m [2m---[0;39m [36mc.s.e.p.PracticalelkApplication         [0;39m [2m:[0;39m Started PracticalelkApplication in 1.73 seconds (process running for 2.323)
